TN:
SF:src\rules\hierarchyCardValue.js
FN:1,hierarchyCardValue
FNF:1
FNH:1
FNDA:4,hierarchyCardValue
DA:1,1
DA:2,4
DA:3,4
DA:4,4
DA:5,4
DA:6,4
DA:7,4
DA:8,0
DA:9,0
DA:10,0
DA:11,4
DA:12,4
DA:13,4
DA:14,4
DA:15,4
DA:16,4
DA:17,4
DA:18,4
DA:19,4
DA:20,4
LF:20
LH:17
BRDA:1,0,0,4
BRDA:7,1,0,0
BRF:2
BRH:1
end_of_record
TN:
SF:src\rules\turnedCard.js
FN:1,turnedCard
FNF:1
FNH:1
FNDA:13,turnedCard
DA:1,1
DA:2,13
DA:3,13
DA:4,1
DA:5,1
DA:6,12
DA:7,0
DA:8,0
DA:9,12
DA:10,1
DA:11,1
DA:12,11
DA:13,3
DA:14,3
DA:15,8
DA:16,8
DA:17,8
DA:18,13
DA:19,13
DA:20,13
DA:21,13
DA:22,13
DA:23,13
DA:24,13
DA:25,13
DA:26,13
LF:26
LH:24
BRDA:1,0,0,13
BRDA:3,1,0,1
BRDA:6,2,0,12
BRDA:6,3,0,0
BRDA:9,4,0,1
BRDA:12,5,0,11
BRDA:12,6,0,3
BRDA:15,7,0,8
BRF:8
BRH:7
end_of_record
