TN:
SF:src\rules\hierarchyCardValue.js
FN:1,hierarchyCardValue
FNF:1
FNH:1
FNDA:5,hierarchyCardValue
DA:1,1
DA:2,5
DA:3,5
DA:4,5
DA:5,5
DA:6,5
DA:7,5
DA:8,1
DA:9,1
DA:10,1
DA:11,4
DA:12,4
DA:13,4
DA:14,4
DA:15,5
DA:16,5
DA:17,5
DA:18,5
DA:19,5
DA:20,5
LF:20
LH:20
BRDA:1,0,0,5
BRDA:7,1,0,1
BRDA:11,2,0,4
BRF:3
BRH:3
end_of_record
TN:
SF:src\rules\turnedCard.js
FN:1,turnedCard
FNF:1
FNH:1
FNDA:13,turnedCard
DA:1,1
DA:2,13
DA:3,13
DA:4,0
DA:5,0
DA:6,13
DA:7,1
DA:8,1
DA:9,12
DA:10,1
DA:11,1
DA:12,11
DA:13,1
DA:14,1
DA:15,10
DA:16,10
DA:17,10
DA:18,13
DA:19,13
DA:20,13
DA:21,13
DA:22,13
DA:23,13
DA:24,13
DA:25,13
DA:26,13
LF:26
LH:24
BRDA:1,0,0,13
BRDA:3,1,0,0
BRDA:6,2,0,1
BRDA:9,3,0,12
BRDA:9,4,0,1
BRDA:12,5,0,11
BRDA:12,6,0,1
BRDA:15,7,0,10
BRF:8
BRH:7
end_of_record
